  Building Custom Rule C:/Users/carva/source/repos/carvalhocarlos/OpenSees/CMakeLists.txt
  DL_Interpreter.cpp
  OpenSeesCommands.cpp
  OpenSeesUniaxialMaterialCommands.cpp
  OpenSeesElementCommands.cpp
  OpenSeesTimeSeriesCommands.cpp
  OpenSeesPatternCommands.cpp
  OpenSeesSectionCommands.cpp
  OpenSeesOutputCommands.cpp
  OpenSeesCrdTransfCommands.cpp
  OpenSeesDampingCommands.cpp
  OpenSeesBeamIntegrationCommands.cpp
  OpenSeesNDMaterialCommands.cpp
  OpenSeesMiscCommands.cpp
  OpenSeesParameterCommands.cpp
  OpenSeesFrictionModelCommands.cpp
  OpenSeesReliabilityCommands.cpp
  OpenSeesNDTestCommands.cpp
  OpenSeesIGACommands.cpp
  Block2D.cpp
  Block3D.cpp
  Generating Code...
  OPS_INTERPRETER.vcxproj -> C:\Users\carva\source\repos\carvalhocarlos\OpenSees\OPS_INTERPRETER.dir\Release\OPS_INTERPRETER.lib
