  Building Custom Rule C:/Users/carva/source/repos/carvalhocarlos/OpenSees/OTHER/UMFPACK/CMakeLists.txt
cl : command line  warning D9002: ignoring unknown option '-fexceptions'
cl : command line  warning D9002: ignoring unknown option '-fPIC'
  umfpack_col_to_triplet.c
  umfpack_defaults.c
  umfpack_free_numeric.c
  umfpack_free_symbolic.c
  umfpack_get_numeric.c
C:\Users\carva\source\repos\carvalhocarlos\OpenSees\OTHER\UMFPACK\umfpack_get_numeric.c(366,9): warning C4068: unknown pragma 'ivdep'
C:\Users\carva\source\repos\carvalhocarlos\OpenSees\OTHER\UMFPACK\umfpack_get_numeric.c(372,9): warning C4068: unknown pragma 'ivdep'
  umfpack_get_lunz.c
  umfpack_get_symbolic.c
  umfpack_get_determinant.c
  umfpack_numeric.c
  umfpack_qsymbolic.c
  umfpack_report_control.c
  umfpack_report_info.c
  umfpack_report_matrix.c
  umfpack_report_numeric.c
  umfpack_report_perm.c
  umfpack_report_status.c
  umfpack_report_symbolic.c
  umfpack_report_triplet.c
  umfpack_report_vector.c
  umfpack_symbolic.c
  Generating Code...
  Compiling...
  umfpack_transpose.c
  umfpack_triplet_to_col.c
  umfpack_scale.c
  umfpack_load_numeric.c
  umfpack_save_numeric.c
  umfpack_load_symbolic.c
  umfpack_save_symbolic.c
  Generating Code...
  UMFPACK_DI.vcxproj -> C:\Users\carva\source\repos\carvalhocarlos\OpenSees\OTHER\UMFPACK\UMFPACK_DI.dir\Release\UMFPACK_DI.lib
