  Building Custom Rule C:/Users/carva/source/repos/carvalhocarlos/OpenSees/CMakeLists.txt
  SolutionAlgorithm.cpp
  DomainDecompAlgo.cpp
  EquiSolnAlgo.cpp
  ExpressNewton.cpp
  Linear.cpp
  NewtonRaphson.cpp
  ModifiedNewton.cpp
  NewtonLineSearch.cpp
  Broyden.cpp
  BFGS.cpp
  KrylovNewton.cpp
  PeriodicNewton.cpp
  AcceleratedNewton.cpp
  LineSearch.cpp
  InitialInterpolatedLineSearch.cpp
  NewtonHallM.cpp
  SecantLineSearch.cpp
  RegulaFalsiLineSearch.cpp
  BisectionLineSearch.cpp
  Accelerator.cpp
  Generating Code...
  Compiling...
  MillerAccelerator.cpp
  RaphsonAccelerator.cpp
  PeriodicAccelerator.cpp
  KrylovAccelerator.cpp
  KrylovAccelerator2.cpp
  DifferenceAccelerator.cpp
  DifferenceAccelerator2.cpp
  SecantAccelerator1.cpp
  SecantAccelerator2.cpp
  SecantAccelerator3.cpp
  DOF_Numberer.cpp
  PlainNumberer.cpp
  ParallelNumberer.cpp
  DOF_Group.cpp
  LagrangeDOF_Group.cpp
  TransformationDOF_Group.cpp
  FE_Element.cpp
  PenaltySP_FE.cpp
  PenaltyMP_FE.cpp
  LagrangeSP_FE.cpp
  Generating Code...
  Compiling...
  LagrangeMP_FE.cpp
  TransformationFE.cpp
  ConstraintHandler.cpp
  PlainHandler.cpp
  PenaltyConstraintHandler.cpp
  LagrangeConstraintHandler.cpp
  TransformationConstraintHandler.cpp
  AutoConstraintHandler.cpp
  AnalysisModel.cpp
  FE_EleIter.cpp
  DOF_GrpIter.cpp
  ExplicitDifference.cpp
  ArcLength.cpp
  ArcLength1.cpp
  BackwardEuler.cpp
  CentralDifference.cpp
  IncrementalIntegrator.cpp
  Integrator.cpp
  LoadControl.cpp
  HarmonicSteadyState.cpp
  Generating Code...
  Compiling...
  LoadPath.cpp
  MinUnbalDispNorm.cpp
  Newmark.cpp
  Newmark1.cpp
  StaticIntegrator.cpp
  StagedLoadControl.cpp
  TransientIntegrator.cpp
  AlphaOS.cpp
  AlphaOS_TP.cpp
  AlphaOSGeneralized.cpp
  AlphaOSGeneralized_TP.cpp
  CentralDifferenceAlternative.cpp
  CentralDifferenceNoDamping.cpp
  Collocation.cpp
  CollocationHSFixedNumIter.cpp
  CollocationHSIncrLimit.cpp
  CollocationHSIncrReduct.cpp
  DisplacementControl.cpp
  DistributedDisplacementControl.cpp
  EigenIntegrator.cpp
  Generating Code...
  Compiling...
  EQPath.cpp
  GeneralizedAlpha.cpp
  HHT.cpp
  HHT_TP.cpp
  HHTExplicit.cpp
  HHTExplicit_TP.cpp
  HHTGeneralized.cpp
  HHTGeneralized_TP.cpp
  HHTGeneralizedExplicit.cpp
  HHTGeneralizedExplicit_TP.cpp
  HHTHSFixedNumIter.cpp
  HHTHSFixedNumIter_TP.cpp
  HHTHSIncrLimit.cpp
  HHTHSIncrLimit_TP.cpp
  HHTHSIncrReduct.cpp
  HHTHSIncrReduct_TP.cpp
  Houbolt.cpp
  HSConstraint.cpp
  KRAlphaExplicit.cpp
  KRAlphaExplicit_TP.cpp
  Generating Code...
  Compiling...
  NewmarkExplicit.cpp
  NewmarkHSFixedNumIter.cpp
  NewmarkHSIncrLimit.cpp
  NewmarkHSIncrReduct.cpp
  ParkLMS3.cpp
  TRBDF2.cpp
  TRBDF3.cpp
  WilsonTheta.cpp
  StagedNewmark.cpp
  GimmeMCK.cpp
  Analysis.cpp
  DirectIntegrationAnalysis.cpp
  DomainDecompositionAnalysis.cpp
  DomainUser.cpp
  EigenAnalysis.cpp
  ResponseSpectrumAnalysis.cpp
  SDFAnalysis.cpp
  StaticAnalysis.cpp
  StaticDomainDecompositionAnalysis.cpp
  SubstructuringAnalysis.cpp
  Generating Code...
  Compiling...
  TransientAnalysis.cpp
  TransientDomainDecompositionAnalysis.cpp
  VariableTimeStepDirectIntegrationAnalysis.cpp
  Generating Code...
  OPS_Analysis.vcxproj -> C:\Users\carva\source\repos\carvalhocarlos\OpenSees\OPS_Analysis.dir\Release\OPS_Analysis.lib
