  Building Custom Rule C:/Users/carva/source/repos/carvalhocarlos/OpenSees/CMakeLists.txt
  Element.cpp
  ElementalLoad.cpp
  WrapperElement.cpp
  ConstantPressureVolumeQuad.cpp
  EnhancedQuad.cpp
  FourNodeQuad.cpp
  FourNodeQuad3d.cpp
  FourNodeQuadWithSensitivity.cpp
  EightNodeQuad.cpp
  NineNodeMixedQuad.cpp
  NineNodeQuad.cpp
  SixNodeTri.cpp
  Inerter.cpp
  LinearElasticSpring.cpp
  TwoNodeLink.cpp
  TwoNodeLinkSection.cpp
  FourNodeTetrahedron.cpp
  TenNodeTetrahedron.cpp
  Tri31.cpp
  ASDShellQ4.cpp
  Generating Code...
  Compiling...
  ASDShellT3.cpp
  R3vectors.cpp
  ShellDKGQ.cpp
  ShellDKGT.cpp
  ShellMITC4.cpp
  ShellMITC4Thermal.cpp
  ShellMITC9.cpp
  ShellNLDKGQ.cpp
  ShellNLDKGQThermal.cpp
  ShellNLDKGT.cpp
  ShellNLDKGTThermal.cpp
  Brick.cpp
  Twenty_Node_Brick.cpp
  shp3d.cpp
  BbarBrick.cpp
  BbarBrickWithSensitivity.cpp
  ZeroLength.cpp
  CoupledZeroLength.cpp
  ZeroLengthContact2D.cpp
  ZeroLengthContact3D.cpp
  Generating Code...
  Compiling...
  ZeroLengthContactASDimplex.cpp
  ZeroLengthContactNTS2D.cpp
  ZeroLengthImpact3D.cpp
  ZeroLengthInterface2D.cpp
  ZeroLengthND.cpp
  ZeroLengthRocking.cpp
  ZeroLengthSection.cpp
  ZeroLengthVG_HG.cpp
  Truss.cpp
  TrussSection.cpp
  CorotTruss.cpp
  CorotTrussSection.cpp
  Truss2.cpp
  N4BiaxialTruss.cpp
  CorotTruss2.cpp
  InertiaTruss.cpp
  beam3d01.cpp
  beam3d02.cpp
  DispBeamColumn2d.cpp
  DispBeamColumn3d.cpp
  Generating Code...
C:\Users\carva\source\repos\carvalhocarlos\OpenSees\SRC\element\truss\TrussSection.cpp(1469,1): warning C4700: uninitialized local variable 'stressSensitivity' used
  Compiling...
  DispBeamColumnAsym3d.cpp
  DispBeamColumn2dThermal.cpp
  DispBeamColumn3dThermal.cpp
  DispBeamColumnNL2d.cpp
  DispBeamColumnNL3d.cpp
  DispBeamColumnWarping3d.cpp
  DispBeamColumn2dWithSensitivity.cpp
  DispBeamColumn3dWithSensitivity.cpp
  AxEqDispBeamColumn2d.cpp
  TimoshenkoBeamColumn2d.cpp
  TimoshenkoBeamColumn3d.cpp
  DispBeamColumn3dID.cpp
  DispBeamColumn2dInt.cpp
  FiberSection2dInt.cpp
  LinearCrdTransf2dInt.cpp
  ForceBeamColumn2d.cpp
  ForceBeamColumn3d.cpp
  ForceBeamColumn2dThermal.cpp
  ForceBeamColumn3dThermal.cpp
  ElasticForceBeamColumn2d.cpp
  Generating Code...
C:\Users\carva\source\repos\carvalhocarlos\OpenSees\SRC\element\forceBeamColumn\ElasticForceBeamColumn2d.cpp(1369,1): warning C4715: 'ElasticForceBeamColumn2d::setParameter': not all control paths return a value
C:\Users\carva\source\repos\carvalhocarlos\OpenSees\SRC\element\forceBeamColumn\ForceBeamColumn3dThermal.cpp(1008,1): warning C4700: uninitialized local variable 'dataMixV' used
C:\Users\carva\source\repos\carvalhocarlos\OpenSees\SRC\element\dispBeamColumn\DispBeamColumn3dThermal.cpp(972,1): warning C4700: uninitialized local variable 'dataMixV' used
  Compiling...
  ElasticForceBeamColumn3d.cpp
  ElasticForceBeamColumnWarping2d.cpp
  ForceBeamColumnCBDI2d.cpp
  ForceBeamColumnCBDI3d.cpp
  ForceBeamColumnWarping2d.cpp
  BeamIntegration.cpp
  LobattoBeamIntegration.cpp
  LegendreBeamIntegration.cpp
  RadauBeamIntegration.cpp
  NewtonCotesBeamIntegration.cpp
  HingeMidpointBeamIntegration.cpp
  HingeEndpointBeamIntegration.cpp
  HingeRadauBeamIntegration.cpp
  HingeRadauTwoBeamIntegration.cpp
  UserDefinedBeamIntegration.cpp
  SimpsonBeamIntegration.cpp
  UserDefinedHingeIntegration.cpp
  DistHingeIntegration.cpp
  RegularizedHingeIntegration.cpp
  TrapezoidalBeamIntegration.cpp
  Generating Code...
C:\Users\carva\source\repos\carvalhocarlos\OpenSees\SRC\element\forceBeamColumn\ElasticForceBeamColumnWarping2d.cpp(1627,1): warning C4715: 'ElasticForceBeamColumnWarping2d::setParameter': not all control paths return a value
  Compiling...
  CompositeSimpsonBeamIntegration.cpp
  FixedLocationBeamIntegration.cpp
  LowOrderBeamIntegration.cpp
  MidDistanceBeamIntegration.cpp
  ConcentratedPlasticityBeamIntegration.cpp
  ConcentratedCurvatureBeamIntegration.cpp
  ChebyshevBeamIntegration.cpp
  MixedBeamColumn2d.cpp
  MixedBeamColumn3d.cpp
  MixedBeamColumnAsym3d.cpp
  ElasticBeam2d.cpp
  ElasticBeam3d.cpp
  ElasticBeamWarping3d.cpp
  ElasticTimoshenkoBeam2d.cpp
  ElasticTimoshenkoBeam3d.cpp
  ModElasticBeam2d.cpp
  ModElasticBeam3d.cpp
  WheelRail.cpp
  GradientInelasticBeamColumn2d.cpp
  GradientInelasticBeamColumn3d.cpp
  Generating Code...
  Compiling...
  BilinearCyclic.cpp
  CyclicModel.cpp
  Elastic2DGNL.cpp
  Inelastic2DYS01.cpp
  Inelastic2DYS02.cpp
  Inelastic2DYS03.cpp
  InelasticYS2DGNL.cpp
  LinearCyclic.cpp
  QuadraticCyclic.cpp
  UpdatedLagrangianBeam2D.cpp
  CatenaryCable.cpp
  PML2D.cpp
  PML3D.cpp
  PML2DVISCOUS.cpp
  PML3DVISCOUS.cpp
  PML2D_3.cpp
  PML2D_5.cpp
  PML2D_12.cpp
  RockingBC.cpp
  ASDAbsorbingBoundary2D.cpp
  Generating Code...
  Compiling...
  ASDAbsorbingBoundary3D.cpp
  LysmerTriangle.cpp
  FSIFluidElement2D.cpp
  FSIInterfaceElement2D.cpp
  FSIFluidBoundaryElement2D.cpp
  ActuatorCorot.cpp
  Actuator.cpp
  Adapter.cpp
  ComponentElement2d.cpp
  ComponentElement3d.cpp
  FlatSliderSimple2d.cpp
  FlatSliderSimple3d.cpp
  FPBearingPTV.cpp
  MultiFP2d.cpp
  RJWatsonEQS2d.cpp
  RJWatsonEQS3d.cpp
  SingleFPSimple2d.cpp
  SingleFPSimple3d.cpp
  TFP_Bearing2d.cpp
  TFP_Bearing.cpp
  Generating Code...
  Compiling...
  TPB1D.cpp
  TripleFrictionPendulum.cpp
  TripleFrictionPendulumX.cpp
  Coulomb.cpp
  FrictionModel.cpp
  FrictionResponse.cpp
  VelDependent.cpp
  VelDepMultiLinear.cpp
  VelNormalFrcDep.cpp
  VelPressureDep.cpp
  ElastomericBearingBoucWen2d.cpp
  ElastomericBearingBoucWen3d.cpp
  ElastomericBearingBoucWenMod3d.cpp
  ElastomericBearingPlasticity2d.cpp
  ElastomericBearingPlasticity3d.cpp
  ElastomericBearingUFRP2d.cpp
  ElastomericX.cpp
  HDR.cpp
  LeadRubberX.cpp
  GenericClient.cpp
  Generating Code...
  Compiling...
  GenericCopy.cpp
  BeamColumnJoint2d.cpp
  BeamColumnJoint3d.cpp
  ElasticTubularJoint.cpp
  Joint2D.cpp
  Joint3D.cpp
  Inno3DPnPJoint.cpp
  LehighJoint2d.cpp
  MP_Joint2D.cpp
  MP_Joint3D.cpp
  SurfaceLoad.cpp
  TriSurfaceLoad.cpp
  fElement.cpp
  fElmt02.cpp
  fElmt05.cpp
  Pipe.cpp
  CurvedPipe.cpp
  MVLEM_3D.cpp
  MVLEM.cpp
  SFI_MVLEM_3D.cpp
  Generating Code...
C:\Users\carva\source\repos\carvalhocarlos\OpenSees\SRC\element\pipe\Pipe.cpp(996,1): warning C4715: 'Pipe::getResponse': not all control paths return a value
C:\Users\carva\source\repos\carvalhocarlos\OpenSees\SRC\element\joint\Inno3DPnPJoint.cpp(2870,1): warning C4715: 'Inno3DPnPJoint::setResponse': not all control paths return a value
C:\Users\carva\source\repos\carvalhocarlos\OpenSees\SRC\element\joint\Inno3DPnPJoint.cpp(2566,1): warning C4700: uninitialized local variable 'res' used
  Compiling...
  E_SFI_MVLEM_3D.cpp
  SFI_MVLEM.cpp
  E_SFI.cpp
  PY_Macro2D.cpp
  BBarBrickUP.cpp
  BBarFourNodeQuadUP.cpp
  BrickUP.cpp
  FourNodeQuadUP.cpp
  Nine_Four_Node_QuadUP.cpp
  shp3dv.cpp
  Twenty_Eight_Node_BrickUP.cpp
  SimpleContact2D.cpp
  SimpleContact3D.cpp
  BeamContact2D.cpp
  BeamContact2Dp.cpp
  BeamContact3D.cpp
  BeamContact3Dp.cpp
  BeamEndContact3D.cpp
  BeamEndContact3Dp.cpp
  SSPquad.cpp
  Generating Code...
  Compiling...
  SSPquadUP.cpp
  SSPbrick.cpp
  SSPbrickUP.cpp
  Quad4FiberOverlay.cpp
  Brick8FiberOverlay.cpp
  QuadBeamEmbedContact.cpp
  PileToe3D.cpp
  EmbeddedBeamInterfaceL.cpp
  EmbeddedBeamInterfaceP.cpp
  EmbeddedEPBeamInterface.cpp
  Tcl_generateInterfacePoints.cpp
  MultipleShearSpring.cpp
  MultipleNormalSpring.cpp
  YamamotoBiaxialHDR.cpp
  KikuchiBearing.cpp
  AC3D8HexWithSensitivity.cpp
  ASI3D8QuadWithSensitivity.cpp
  AV3D4QuadWithSensitivity.cpp
  VS3D4QuadWithSensitivity.cpp
  BeamGT.cpp
  Generating Code...
  Compiling...
  MasonPan12.cpp
  MasonPan3D.cpp
  ASDEmbeddedNodeElement.cpp
  IGAKLShell.cpp
  IGAKLShell_BendingStrip.cpp
  MEFI.cpp
  Generating Code...
  DBESI0.c
  DBESI1.c
  Generating Code...
  OPS_Element.vcxproj -> C:\Users\carva\source\repos\carvalhocarlos\OpenSees\OPS_Element.dir\Release\OPS_Element.lib
