  Building Custom Rule C:/Users/carva/source/repos/carvalhocarlos/OpenSees/CMakeLists.txt
  SimulatedRandomProcessSeries.cpp
  DiscretizedRandomProcessSeries.cpp
  IPCM.cpp
  MVNcdf.cpp
  PCM.cpp
  SCIS.cpp
  BivariateDecomposition.cpp
  ExperimentalPointRule1D.cpp
  FORMAnalysis.cpp
  FOSMAnalysis.cpp
  GFunVisualizationAnalysis.cpp
  GridPlane.cpp
  ImportanceSamplingAnalysis.cpp
  OrthogonalPlaneSamplingAnalysis.cpp
  OutCrossingAnalysis.cpp
  PrincipalAxis.cpp
  ReliabilityAnalysis.cpp
  RespSurfaceSimulation.cpp
  SORMAnalysis.cpp
  SamplingAnalysis.cpp
  Generating Code...
  Compiling...
  SurfaceDesign.cpp
  SystemAnalysis.cpp
  UniformExperimentalPointRule1D.cpp
  UnivariateDecomposition.cpp
  OptimalityConditionReliabilityConvergenceCheck.cpp
  ReliabilityConvergenceCheck.cpp
  StandardReliabilityConvergenceCheck.cpp
  CurvatureFitting.cpp
  CurvaturesBySearchAlgorithm.cpp
  FindCurvatures.cpp
  FirstPrincipalCurvature.cpp
  FindDesignPointAlgorithm.cpp
  SearchWithStepSizeAndStepDirection.cpp
  GradientProjectionSearchDirection.cpp
  HLRFSearchDirection.cpp
  PolakHeSearchDirectionAndMeritFunction.cpp
  SQPsearchDirectionMeritFunctionAndHessian.cpp
  SearchDirection.cpp
  FiniteDifferenceGradient.cpp
  GradientEvaluator.cpp
  Generating Code...
  Compiling...
  ImplicitGradient.cpp
  FiniteDifferenceHessian.cpp
  HessianEvaluator.cpp
  Hessian.cpp
  HessianApproximation.cpp
  AdkZhangMeritFunctionCheck.cpp
  CriteriaReductionMeritFunctionCheck.cpp
  MeritFunctionCheck.cpp
  CorrelatedStandardNormal.cpp
  MatrixOperations.cpp
  CStdLibRandGenerator.cpp
  RandomNumberGenerator.cpp
  RootFinding.cpp
  SafeGuardedZeroFindingAlgorithm.cpp
  SecantRootFinding.cpp
  ZeroFindingAlgorithm.cpp
  ArmijoStepSizeRule.cpp
  FixedStepSizeRule.cpp
  StepSizeRule.cpp
  AllIndependentTransformation.cpp
  Generating Code...
  Compiling...
  NatafProbabilityTransformation.cpp
  ProbabilityTransformation.cpp
  CorrelationCoefficient.cpp
  CorrelationCoefficientIter.cpp
  Cutset.cpp
  CutsetIter.cpp
  ParameterPositioner.cpp
  ParameterPositionerIter.cpp
  PrincipalPlane.cpp
  RandomVariable.cpp
  RandomVariableIter.cpp
  RandomVariablePositioner.cpp
  RandomVariablePositionerIter.cpp
  ReliabilityDomain.cpp
  ReliabilityDomainComponent.cpp
  BetaRV.cpp
  ChiSquareRV.cpp
  ExponentialRV.cpp
  GammaRV.cpp
  GumbelRV.cpp
  Generating Code...
  Compiling...
  LaplaceRV.cpp
  LognormalRV.cpp
  NormalRV.cpp
  ParetoRV.cpp
  RayleighRV.cpp
  ShiftedExponentialRV.cpp
  ShiftedRayleighRV.cpp
  Type1LargestValueRV.cpp
  Type1SmallestValueRV.cpp
  Type2LargestValueRV.cpp
  Type3SmallestValueRV.cpp
  UniformRV.cpp
  UserDefinedRV.cpp
  WeibullRV.cpp
  DeltaFilter.cpp
  Filter.cpp
  FilterIter.cpp
  KooFilter.cpp
  StandardLinearOscillatorAccelerationFilter.cpp
  StandardLinearOscillatorDisplacementFilter.cpp
  Generating Code...
  Compiling...
  StandardLinearOscillatorVelocityFilter.cpp
  FunctionEvaluator.cpp
  ConstantModulatingFunction.cpp
  GammaModulatingFunction.cpp
  KooModulatingFunction.cpp
  ModulatingFunction.cpp
  ModulatingFunctionIter.cpp
  TrapezoidalModulatingFunction.cpp
  LimitStateFunction.cpp
  LimitStateFunctionIter.cpp
  PerformanceFunction.cpp
  PerformanceFunctionIter.cpp
  JonswapSpectrum.cpp
  NarrowBandSpectrum.cpp
  PointsSpectrum.cpp
  Spectrum.cpp
  SpectrumIter.cpp
  FORMStorage.cpp
  ReliabilityStorage.cpp
  NewmarkSensitivityIntegrator.cpp
  Generating Code...
  Compiling...
  PFEMSensitivityIntegrator.cpp
  SensitivityAlgorithm.cpp
  SensitivityIntegrator.cpp
  StaticSensitivityIntegrator.cpp
  Generating Code...
  OPS_Reliability.vcxproj -> C:\Users\carva\source\repos\carvalhocarlos\OpenSees\OPS_Reliability.dir\Release\OPS_Reliability.lib
