  Building Custom Rule C:/Users/carva/source/repos/carvalhocarlos/OpenSees/CMakeLists.txt
  Material.cpp
  AxialSp.cpp
  AxialSpHD.cpp
  BWBN.cpp
  Bilin.cpp
  Bilin02.cpp
  ConcreteCM.cpp
  ConcreteD.cpp
  ConcretewBeta.cpp
  DowelType.cpp
  Elastic2Material.cpp
  ElasticBilin.cpp
  ElasticMaterial.cpp
  ElasticMultiLinear.cpp
  ElasticPPMaterial.cpp
  ElasticPowerFunc.cpp
  IMKBilin.cpp
  IMKPeakOriented.cpp
  IMKPinching.cpp
  MaterialState.cpp
  Generating Code...
  Compiling...
  OriginCentered.cpp
  ParallelMaterial.cpp
  PipeMaterial.cpp
  ResilienceLow.cpp
  Steel2.cpp
  SteelMPF.cpp
  SteelDRC.cpp
  UVCuniaxial.cpp
  UniaxialMaterial.cpp
  ASD_SMA_3K.cpp
  ASDConcrete1DMaterial.cpp
  BackboneMaterial.cpp
  BarSlipMaterial.cpp
  BilinearOilDamper.cpp
  Bond_SP01.cpp
  BoucWenMaterial.cpp
  BoucWenOriginal.cpp
  BoucWenInfill.cpp
  CFSSSWP.cpp
  CFSWSWP.cpp
  Generating Code...
  Compiling...
  CableMaterial.cpp
  Cast.cpp
  Concrete01.cpp
  Concrete01WithSITC.cpp
  Concrete02.cpp
  Concrete02IS.cpp
  Concrete02Thermal.cpp
  Concrete04.cpp
  Concrete05.cpp
  Concrete06.cpp
  Concrete07.cpp
  ConcreteECThermal.cpp
  ConcreteSakaiKawashima.cpp
  ConcreteZBH_fitted.cpp
  ConcreteZBH_original.cpp
  ConcreteZBH_smoothed.cpp
  ConfinedConcrete01.cpp
  ContinuumUniaxial.cpp
  CreepMaterial.cpp
  CubicSpline.cpp
  Generating Code...
  Compiling...
  DamperMaterial.cpp
  DegradingPinchedBW.cpp
  DoddRestr.cpp
  Dodd_Restrepo.cpp
  DrainMaterial.cpp
  ECC01.cpp
  ENTMaterial.cpp
  EPPGapMaterial.cpp
  ElasticBDMaterial.cpp
  ElasticMaterialThermal.cpp
  FRCC.cpp
  FRPConfinedConcrete.cpp
  FRPConfinedConcrete02.cpp
  FatigueMaterial.cpp
  FlagShapeMaterial.cpp
  GMG_CyclicReinforcedConcrete.cpp
  GNGMaterial.cpp
  HardeningMaterial.cpp
  Hertzdamp.cpp
  HookGap.cpp
  Generating Code...
C:\Users\carva\source\repos\carvalhocarlos\OpenSees\SRC\material\uniaxial\FatigueMaterial.cpp(945,1): warning C4700: uninitialized local variable 'res' used
C:\Users\carva\source\repos\carvalhocarlos\OpenSees\SRC\material\uniaxial\Dodd_Restrepo.cpp(426,1): warning C4700: uninitialized local variable 'ESH' used
C:\Users\carva\source\repos\carvalhocarlos\OpenSees\SRC\material\uniaxial\Dodd_Restrepo.cpp(468,1): warning C4700: uninitialized local variable 'ESHI' used
  Compiling...
  HyperbolicGapMaterial.cpp
  HystereticAsym.cpp
  HystereticMaterial.cpp
  HystereticSMMaterial.cpp
  HystereticPoly.cpp
  HystereticSmooth.cpp
  ImpactMaterial.cpp
  InitStrainMaterial.cpp
  InitStressMaterial.cpp
  JankowskiImpact.cpp
  KikuchiAikenHDR.cpp
  KikuchiAikenLRB.cpp
  Maxwell.cpp
  MinMaxMaterial.cpp
  ModIMKPeakOriented.cpp
  ModIMKPeakOriented02.cpp
  ModIMKPinching.cpp
  ModIMKPinching02.cpp
  MultiLinear.cpp
  MultiplierMaterial.cpp
  Generating Code...
  Compiling...
  Neoprene.cpp
  OOHystereticMaterial.cpp
  PathIndependentMaterial.cpp
  PenaltyMaterial.cpp
  Pinching4Material.cpp
  PrestressedSteelMaterial.cpp
  RambergOsgoodSteel.cpp
  Ratchet.cpp
  ReinforcingSteel.cpp
  ResilienceMaterialHR.cpp
  SAWSMaterial.cpp
  SPSW02.cpp
  SecantConcrete.cpp
  SelfCenteringMaterial.cpp
  SeriesMaterial.cpp
  ShearPanelMaterial.cpp
  SimpleFractureMaterial.cpp
  SLModel.cpp
  SmoothPSConcrete.cpp
  StainlessECThermal.cpp
  Generating Code...
  Compiling...
  Steel01.cpp
  Steel01Thermal.cpp
  Steel02.cpp
  Steel02Fatigue.cpp
  Steel02Thermal.cpp
  Steel03.cpp
  Steel4.cpp
  SteelBRB.cpp
  SteelECThermal.cpp
  SteelFractureDI.cpp
  SteelMP.cpp
  TDConcrete.cpp
  TDConcreteNL.cpp
  TDConcreteEXP.cpp
  TDConcreteMC10.cpp
  TDConcreteMC10NL.cpp
  TensionOnlyMaterial.cpp
  UniaxialJ2Plasticity.cpp
  ViscoelasticGap.cpp
  ViscousDamper.cpp
  Generating Code...
  Compiling...
  ViscousMaterial.cpp
  WrapperUniaxialMaterial.cpp
  pyUCLA.cpp
  SMAMaterial.cpp
  CoulombDamperMaterial.cpp
  APDFMD.cpp
  APDMD.cpp
  APDVFD.cpp
  TriMatrix.cpp
  DuctileFracture.cpp
  Masonry.cpp
  Masonryt.cpp
  Trilinwp.cpp
  Trilinwp2.cpp
  Trilinwpd.cpp
  QbSandCPT.cpp
  TzSandCPT.cpp
  ArctangentBackbone.cpp
  CappedBackbone.cpp
  HystereticBackbone.cpp
  Generating Code...
C:\Users\carva\source\repos\carvalhocarlos\OpenSees\SRC\material\uniaxial\DuctileFracture.cpp(683,1): warning C4700: uninitialized local variable 'res' used
C:\Users\carva\source\repos\carvalhocarlos\OpenSees\SRC\material\uniaxial\APDVFD.cpp(496,1): warning C4715: 'APDVFD::f': not all control paths return a value
C:\Users\carva\source\repos\carvalhocarlos\OpenSees\SRC\material\uniaxial\APDVFD.cpp(425,1): warning C4700: uninitialized local variable 'Alpha' used
C:\Users\carva\source\repos\carvalhocarlos\OpenSees\SRC\material\uniaxial\APDVFD.cpp(425,1): warning C4700: uninitialized local variable 'C' used
C:\Users\carva\source\repos\carvalhocarlos\OpenSees\SRC\material\uniaxial\APDMD.cpp(342,1): warning C4715: 'APDMD::setTrialStrain': not all control paths return a value
C:\Users\carva\source\repos\carvalhocarlos\OpenSees\SRC\material\uniaxial\APDFMD.cpp(361,1): warning C4715: 'APDFMD::setTrialStrain': not all control paths return a value
  Compiling...
  LinearCappedBackbone.cpp
  ManderBackbone.cpp
  MaterialBackbone.cpp
  MultilinearBackbone.cpp
  RaynorBackbone.cpp
  ReeseSandBackbone.cpp
  ReeseSoftClayBackbone.cpp
  ReeseStiffClayBelowWS.cpp
  TrilinearBackbone.cpp
  CementedSoil.cpp
  WeakRock.cpp
  LiquefiedSand.cpp
  VuggyLimestone.cpp
  ReeseStiffClayAboveWS.cpp
  ConstantStiffnessDegradation.cpp
  DuctilityStiffnessDegradation.cpp
  EnergyStiffnessDegradation.cpp
  PincheiraStiffnessDegradation.cpp
  StiffnessDegradation.cpp
  StrengthDegradation.cpp
  Generating Code...
  Compiling...
  ACIStrengthDegradation.cpp
  ConstantStrengthDegradation.cpp
  DuctilityStrengthDegradation.cpp
  EnergyStrengthDegradation.cpp
  PetrangeliStrengthDegradation.cpp
  SectionStrengthDegradation.cpp
  UnloadingRule.cpp
  ConstantUnloadingRule.cpp
  EnergyUnloadingRule.cpp
  KarsanUnloadingRule.cpp
  TakedaUnloadingRule.cpp
  LimitStateMaterial.cpp
  PinchingLimitStateMaterial.cpp
  AxialCurve.cpp
  LimitCurve.cpp
  RotationShearCurve.cpp
  ShearCurve.cpp
  ThreePointCurve.cpp
  WrapperLimitCurve.cpp
  PyLiq1.cpp
  Generating Code...
C:\Users\carva\source\repos\carvalhocarlos\OpenSees\SRC\material\uniaxial\limitState\limitCurve\AxialCurve.cpp(159,1): warning C4715: 'OPS_AxialCurve': not all control paths return a value
  Compiling...
  PySimple1.cpp
  PySimple1Gen.cpp
  PySimple2.cpp
  PySimple3.cpp
  QzLiq1.cpp
  QzSimple1.cpp
  QzSimple2.cpp
  ShallowFoundationGen.cpp
  TzLiq1.cpp
  TzSimple1.cpp
  TzSimple1Gen.cpp
  TzSimple2.cpp
  Pinching.cpp
  Bilinear.cpp
C:\Users\carva\source\repos\carvalhocarlos\OpenSees\SRC\material\uniaxial\snap\Bilinear.cpp(250,50): warning C4477: 'fprintf' : format string '%d' requires an argument of type 'int', but variadic argument 1 has type 'double'
C:\Users\carva\source\repos\carvalhocarlos\OpenSees\SRC\material\uniaxial\snap\Bilinear.cpp(251,50): warning C4477: 'fprintf' : format string '%d' requires an argument of type 'int', but variadic argument 1 has type 'double'
C:\Users\carva\source\repos\carvalhocarlos\OpenSees\SRC\material\uniaxial\snap\Bilinear.cpp(252,50): warning C4477: 'fprintf' : format string '%d' requires an argument of type 'int', but variadic argument 1 has type 'double'
  Clough.cpp
  CloughHenry.cpp
  CloughDamage.cpp
  PinchingDamage.cpp
  DrainHardeningMaterial.cpp
  DrainBilinearMaterial.cpp
  Generating Code...
  Compiling...
  DrainClough1Material.cpp
  DrainClough2Material.cpp
  DrainPinch1Material.cpp
  NDMaterial.cpp
  BeamFiberMaterial.cpp
  PlasticDamageConcretePlaneStress.cpp
  BeamFiberMaterial2d.cpp
  BeamFiberMaterial2dPS.cpp
  PlasticDamageConcrete3d.cpp
  LinearCap.cpp
  eig3.cpp
  FSAM.cpp
  AcousticMedium.cpp
  ElasticIsotropicAxiSymm.cpp
  ElasticIsotropicBeamFiber2d.cpp
  ElasticIsotropicBeamFiber.cpp
  ElasticIsotropicMaterial.cpp
  ElasticIsotropicPlaneStrain2D.cpp
  ElasticIsotropicPlaneStress2D.cpp
  ElasticIsotropicPlateFiber.cpp
  Generating Code...
  Compiling...
  ElasticIsotropicThreeDimensional.cpp
  ElasticOrthotropicMaterial.cpp
  ElasticOrthotropicThreeDimensional.cpp
  PressureDependentElastic3D.cpp
  FeapMaterial.cpp
  J2AxiSymm.cpp
  J2PlaneStrain.cpp
  J2PlaneStress.cpp
  J2Plasticity.cpp
  J2PlateFiber.cpp
  J2PlateFibre.cpp
  J2BeamFiber2d.cpp
  J2BeamFiber3d.cpp
  J2ThreeDimensional.cpp
  PlaneStrainMaterial.cpp
  PlaneStressMaterial.cpp
  PlaneStressUserMaterial.cpp
  PlateFiberMaterial.cpp
  PlateFromPlaneStressMaterial.cpp
  PlaneStressLayeredMaterial.cpp
  Generating Code...
  Compiling...
  PlateRebarMaterial.cpp
  PlaneStressRebarMaterial.cpp
  OrthotropicMaterial.cpp
  Series3DMaterial.cpp
  Parallel3DMaterial.cpp
  CycLiqCP.cpp
  CycLiqCP3D.cpp
  CycLiqCPPlaneStrain.cpp
  CycLiqCPSP.cpp
  CycLiqCPSP3D.cpp
  CycLiqCPSPPlaneStrain.cpp
  WrapperNDMaterial.cpp
  InitStressNDMaterial.cpp
  InitStrainNDMaterial.cpp
  MinMaxNDMaterial.cpp
  IncrementalElasticIsotropicThreeDimensional.cpp
  ConcreteMcftNonLinear5.cpp
  ConcreteMcftNonLinear7.cpp
  CapPlasticity.cpp
  ConcreteS.cpp
  Generating Code...
  Compiling...
  SimplifiedJ2.cpp
  PlaneStressSimplifiedJ2.cpp
  DruckerPrager3DThermal.cpp
  DruckerPragerThermal.cpp
  ElasticIsotropic3DThermal.cpp
  ElasticIsotropicMaterialThermal.cpp
  J2PlasticityThermal.cpp
  J2ThreeDimensionalThermal.cpp
  PlateFiberMaterialThermal.cpp
  PlateFromPlaneStressMaterialThermal.cpp
  UVCmultiaxial.cpp
  UVCplanestress.cpp
  PlateRebarMaterialThermal.cpp
  ElasticPlaneStress.cpp
  ElasticOrthotropicPlaneStress.cpp
  VonPapaDamage.cpp
  ASDConcrete3DMaterial.cpp
  FluidSolidPorousMaterial.cpp
  MultiYieldSurface.cpp
  MultiYieldSurfaceClay.cpp
  Generating Code...
  Compiling...
  PressureDependMultiYield.cpp
  PressureIndependMultiYield.cpp
  T2Vector.cpp
  PressureDependMultiYield02.cpp
  PressureDependMultiYield03.cpp
  FeapMaterial01.cpp
  FeapMaterial02.cpp
  FeapMaterial03.cpp
  MultiaxialCyclicPlasticity.cpp
  MultiaxialCyclicPlasticityPlaneStrain.cpp
  MultiaxialCyclicPlasticity3D.cpp
  MultiaxialCyclicPlasticityAxiSymm.cpp
  ConcreteL01.cpp
  ConcreteZ01.cpp
  TendonL01.cpp
  SteelZ01.cpp
  ReinforcedConcretePlaneStress.cpp
  FAReinforcedConcretePlaneStress.cpp
  FAFourSteelRCPlaneStress.cpp
  RAFourSteelRCPlaneStress.cpp
  Generating Code...
  Compiling...
  PrestressedConcretePlaneStress.cpp
  FAPrestressedConcretePlaneStress.cpp
  FAFourSteelPCPlaneStress.cpp
  RAFourSteelPCPlaneStress.cpp
  BoundingCamClay.cpp
  BoundingCamClay3D.cpp
  BoundingCamClayPlaneStrain.cpp
  ContactMaterial2D.cpp
  ContactMaterial3D.cpp
  DruckerPrager.cpp
  DruckerPrager3D.cpp
  DruckerPragerPlaneStrain.cpp
  InitialStateAnalysisWrapper.cpp
  J2CyclicBoundingSurface.cpp
  J2CyclicBoundingSurface3D.cpp
  J2CyclicBoundingSurfacePlaneStrain.cpp
  ManzariDafalias.cpp
  ManzariDafalias3D.cpp
  ManzariDafalias3DRO.cpp
  ManzariDafaliasPlaneStrain.cpp
  Generating Code...
  Compiling...
  ManzariDafaliasPlaneStrainRO.cpp
  ManzariDafaliasRO.cpp
  PM4Sand.cpp
  PM4Silt.cpp
  MaterialCMM.cpp
  stressDensity.cpp
  StressDensityModel2D.cpp
  StressDensityModel3D.cpp
  SAniSandMS.cpp
  SAniSandMS3D.cpp
  SAniSandMSPlaneStrain.cpp
  OrthotropicRotatingAngleConcreteT2DMaterial01.cpp
  SmearedSteelDoubleLayerT2DMaterial01.cpp
  OPS_AllASDPlasticMaterial3Ds.cpp
  BiaxialHysteretic.cpp
  Bidirectional.cpp
  DoubleMembranePlateFiberSection.cpp
  ElasticBDShearSection2d.cpp
  ElasticMembranePlateSection.cpp
  ElasticPlateSection.cpp
  Generating Code...
  Compiling...
  ElasticSection2d.cpp
  ElasticSection3d.cpp
  ElasticShearSection2d.cpp
  ElasticShearSection3d.cpp
  ElasticTubeSection3d.cpp
  ElasticWarpingShearSection2d.cpp
  Elliptical2.cpp
  FiberSection.cpp
  FiberSection2d.cpp
  FiberSection2dThermal.cpp
  FiberSection3d.cpp
  FiberSectionWarping3d.cpp
  FiberSectionAsym3d.cpp
  FiberSection3dThermal.cpp
  FiberSectionGJ.cpp
  FiberSectionGJThermal.cpp
  GenericSection1d.cpp
  Isolator2spring.cpp
  ASDCoupledHinge3D.cpp
  LayeredShellFiberSection.cpp
  Generating Code...
C:\Users\carva\source\repos\carvalhocarlos\OpenSees\SRC\material\section\ElasticTubeSection3d.cpp(74,1): warning C4700: uninitialized local variable 'shape' used
  Compiling...
  LayeredShellFiberSectionThermal.cpp
  MembranePlateFiberSection.cpp
  MembranePlateFiberSectionThermal.cpp
  NDFiberSection2d.cpp
  NDFiberSection3d.cpp
  NDFiberSectionWarping2d.cpp
  ParallelSection.cpp
  PipeSection.cpp
  SectionAggregator.cpp
  SectionForceDeformation.cpp
  TimoshenkoSection3d.cpp
  Fiber.cpp
  UniaxialFiber2d.cpp
  UniaxialFiber3d.cpp
  NDFiber2d.cpp
  NDFiber3d.cpp
  SectionIntegration.cpp
  WideFlangeSectionIntegration.cpp
  RCSectionIntegration.cpp
  RCTBeamSectionIntegration.cpp
  Generating Code...
  Compiling...
  RCCircularSectionIntegration.cpp
  TubeSectionIntegration.cpp
  RCTunnelSectionIntegration.cpp
  HSSSectionIntegration.cpp
  ReinforcedConcreteLayeredMembraneSection.cpp
  LayeredMembraneSection.cpp
  ElasticMembraneSection.cpp
  Generating Code...
  OPS_Material.vcxproj -> C:\Users\carva\source\repos\carvalhocarlos\OpenSees\OPS_Material.dir\Release\OPS_Material.lib
