  Building Custom Rule C:/Users/carva/source/repos/carvalhocarlos/OpenSees/SRC/material/yieldSurface/CMakeLists.txt
  BkStressLimSurface2D.cpp
  BoundingSurface2D.cpp
  CombinedIsoKin2D01.cpp
  CombinedIsoKin2D02.cpp
  Isotropic2D01.cpp
  Kinematic2D01.cpp
  Kinematic2D02.cpp
  NullEvolution.cpp
  PeakOriented2D01.cpp
  PeakOriented2D02.cpp
  PlasticHardening2D.cpp
  YS_Evolution2D.cpp
  YS_Evolution.cpp
  ExponReducing.cpp
  MultiLinearKp.cpp
  NullPlasticMaterial.cpp
  PlasticHardeningMaterial.cpp
  Attalla2D.cpp
  ElTawil2D.cpp
  ElTawil2DUnSym.cpp
  Generating Code...
  Compiling...
  Hajjar2D.cpp
  NullYS2D.cpp
  Orbison2D.cpp
  YieldSurface_BC2D.cpp
  YieldSurface_BC.cpp
  Generating Code...
  OPS_Material_YieldSurface.vcxproj -> C:\Users\carva\source\repos\carvalhocarlos\OpenSees\SRC\material\yieldSurface\OPS_Material_YieldSurface.dir\Release\OPS_Material_YieldSurface.lib
